<?xml version="1.0" encoding="UTF-8"?>
<testsuite xmlns:xsi="http://www.w3.org/2001/XMLSchema-instance" xsi:noNamespaceSchemaLocation="https://maven.apache.org/surefire/maven-surefire-plugin/xsd/surefire-test-report.xsd" name="StudentService.Service.TestAddStudent" time="1.781" tests="15" errors="0" skipped="0" failures="0">
  <properties>
    <property name="sun.desktop" value="windows"/>
    <property name="awt.toolkit" value="sun.awt.windows.WToolkit"/>
    <property name="java.specification.version" value="11"/>
    <property name="sun.cpu.isalist" value="amd64"/>
    <property name="sun.jnu.encoding" value="Cp1252"/>
    <property name="java.class.path" value="C:\Users\DIK\uni\VVSS\MavenApp\target\test-classes;C:\Users\DIK\uni\VVSS\MavenApp\target\classes;C:\Users\DIK\.m2\repository\junit\junit\4.12\junit-4.12.jar;C:\Users\DIK\.m2\repository\org\hamcrest\hamcrest-core\1.3\hamcrest-core-1.3.jar;"/>
    <property name="java.vm.vendor" value="Oracle Corporation"/>
    <property name="sun.arch.data.model" value="64"/>
    <property name="user.variant" value=""/>
    <property name="java.vendor.url" value="http://java.oracle.com/"/>
    <property name="user.timezone" value="Europe/Athens"/>
    <property name="java.vm.specification.version" value="11"/>
    <property name="os.name" value="Windows 10"/>
    <property name="sun.java.launcher" value="SUN_STANDARD"/>
    <property name="user.country" value="US"/>
    <property name="sun.boot.library.path" value="C:\Program Files\Java\jdk-11.0.2\bin"/>
    <property name="sun.java.command" value="C:\Users\DIK\AppData\Local\Temp\surefire13066104124725578160\surefirebooter12696211150985034017.jar C:\Users\DIK\AppData\Local\Temp\surefire13066104124725578160 2019-03-30T23-49-32_665-jvmRun1 surefire16185372367353452823tmp surefire_012990696299788795218tmp"/>
    <property name="jdk.debug" value="release"/>
    <property name="surefire.test.class.path" value="C:\Users\DIK\uni\VVSS\MavenApp\target\test-classes;C:\Users\DIK\uni\VVSS\MavenApp\target\classes;C:\Users\DIK\.m2\repository\junit\junit\4.12\junit-4.12.jar;C:\Users\DIK\.m2\repository\org\hamcrest\hamcrest-core\1.3\hamcrest-core-1.3.jar;"/>
    <property name="sun.cpu.endian" value="little"/>
    <property name="user.home" value="C:\Users\DIK"/>
    <property name="user.language" value="en"/>
    <property name="java.specification.vendor" value="Oracle Corporation"/>
    <property name="java.version.date" value="2019-01-15"/>
    <property name="java.home" value="C:\Program Files\Java\jdk-11.0.2"/>
    <property name="file.separator" value="\"/>
    <property name="basedir" value="C:\Users\DIK\uni\VVSS\MavenApp"/>
    <property name="java.vm.compressedOopsMode" value="32-bit"/>
    <property name="line.separator" value="&#10;"/>
    <property name="java.specification.name" value="Java Platform API Specification"/>
    <property name="java.vm.specification.vendor" value="Oracle Corporation"/>
    <property name="java.awt.graphicsenv" value="sun.awt.Win32GraphicsEnvironment"/>
    <property name="surefire.real.class.path" value="C:\Users\DIK\AppData\Local\Temp\surefire13066104124725578160\surefirebooter12696211150985034017.jar"/>
    <property name="user.script" value=""/>
    <property name="sun.management.compiler" value="HotSpot 64-Bit Tiered Compilers"/>
    <property name="java.runtime.version" value="11.0.2+9-LTS"/>
    <property name="user.name" value="DIK"/>
    <property name="path.separator" value=";"/>
    <property name="os.version" value="10.0"/>
    <property name="java.runtime.name" value="Java(TM) SE Runtime Environment"/>
    <property name="file.encoding" value="Cp1252"/>
    <property name="java.vm.name" value="Java HotSpot(TM) 64-Bit Server VM"/>
    <property name="java.vendor.version" value="18.9"/>
    <property name="localRepository" value="C:\Users\DIK\.m2\repository"/>
    <property name="java.vendor.url.bug" value="http://bugreport.java.com/bugreport/"/>
    <property name="java.io.tmpdir" value="C:\Users\DIK\AppData\Local\Temp\"/>
    <property name="idea.version" value="2018.3.5"/>
    <property name="java.version" value="11.0.2"/>
    <property name="user.dir" value="C:\Users\DIK\uni\VVSS\MavenApp"/>
    <property name="os.arch" value="amd64"/>
    <property name="java.vm.specification.name" value="Java Virtual Machine Specification"/>
    <property name="java.awt.printerjob" value="sun.awt.windows.WPrinterJob"/>
    <property name="sun.os.patch.level" value=""/>
    <property name="java.library.path" value="C:\Program Files\Java\jdk-11.0.2\bin;C:\WINDOWS\Sun\Java\bin;C:\WINDOWS\system32;C:\WINDOWS;C:\Program Files\Microsoft MPI\Bin\;C:\WINDOWS\system32;C:\WINDOWS;C:\WINDOWS\System32\Wbem;C:\WINDOWS\System32\WindowsPowerShell\v1.0\;C:\Program Files\dotnet\;C:\Program Files\Microsoft SQL Server\130\Tools\Binn\;C:\Program Files\Git\cmd;C:\WINDOWS\System32\OpenSSH\;C:\Program Files\nodejs\;C:\Program Files (x86)\Yarn\bin\;C:\Users\DIK\AppData\Local\Programs\Python\Python36\Scripts\;C:\Users\DIK\AppData\Local\Programs\Python\Python36\;C:\Users\DIK\AppData\Local\Microsoft\WindowsApps;C:\Users\DIK\AppData\Local\GitHubDesktop\bin;C:\Users\DIK\AppData\Local\Microsoft\WindowsApps;C:\Users\DIK\AppData\Local\Programs\Microsoft VS Code\bin;C:\Users\DIK\AppData\Roaming\npm;C:\GnuWin32\bin;C:\MinGW\bin;C:\Users\DIK\AppData\Local\Yarn\bin;C:\Program Files\heroku\bin;."/>
    <property name="java.vendor" value="Oracle Corporation"/>
    <property name="java.vm.info" value="mixed mode"/>
    <property name="java.vm.version" value="11.0.2+9-LTS"/>
    <property name="sun.io.unicode.encoding" value="UnicodeLittle"/>
    <property name="java.class.version" value="55.0"/>
  </properties>
  <testcase name="shouldPass_Id_ConvertibleOnlyNaNCharacters" classname="StudentService.Service.TestAddStudent" time="1.015"/>
  <testcase name="shouldPass_Id_LongString" classname="StudentService.Service.TestAddStudent" time="0.032"/>
  <testcase name="shouldFail_Id_Empty" classname="StudentService.Service.TestAddStudent" time="0"/>
  <testcase name="shouldPass_Group_ConvertibleMoreThan3Digits" classname="StudentService.Service.TestAddStudent" time="0.031"/>
  <testcase name="shouldFail_Group_NotConvertibleToNumber" classname="StudentService.Service.TestAddStudent" time="0.016"/>
  <testcase name="shouldPass_Id_ConvertibleNumberCharacters" classname="StudentService.Service.TestAddStudent" time="0.031"/>
  <testcase name="shouldPass_Group_ConvertibleLessThan3Digits" classname="StudentService.Service.TestAddStudent" time="0.031"/>
  <testcase name="shouldPass_Id_ConvertibleAlphaNumeric" classname="StudentService.Service.TestAddStudent" time="0.031"/>
  <testcase name="shouldPass_Group_ConvertibleTo0" classname="StudentService.Service.TestAddStudent" time="0.016"/>
  <testcase name="shouldPass_Id_SpecialCharacters" classname="StudentService.Service.TestAddStudent" time="0.031"/>
  <testcase name="shouldPass_Group_Convertible3Digits" classname="StudentService.Service.TestAddStudent" time="0.047"/>
  <testcase name="shouldFail_Group_EmptyString" classname="StudentService.Service.TestAddStudent" time="0.016"/>
  <testcase name="shouldPass_All_DefaultsToUse" classname="StudentService.Service.TestAddStudent" time="0.047"/>
  <testcase name="shouldFail_Group_ConvertibleToNegative" classname="StudentService.Service.TestAddStudent" time="0.015"/>
  <testcase name="shouldPass_Group_ConvertibleToNumber" classname="StudentService.Service.TestAddStudent" time="0.031"/>
</testsuite>